Release 14.7 - xst P.20131013 (nt64)
Copyright (c) 1995-2013 Xilinx, Inc.  All rights reserved.
--> Parameter TMPDIR set to xst/projnav.tmp


Total REAL time to Xst completion: 0.00 secs
Total CPU time to Xst completion: 0.06 secs
 
--> Parameter xsthdpdir set to xst


Total REAL time to Xst completion: 0.00 secs
Total CPU time to Xst completion: 0.06 secs
 
--> Reading design: datapath.prj

TABLE OF CONTENTS
  1) Synthesis Options Summary
  2) HDL Compilation
  3) Design Hierarchy Analysis
  4) HDL Analysis
  5) HDL Synthesis
     5.1) HDL Synthesis Report
  6) Advanced HDL Synthesis
     6.1) Advanced HDL Synthesis Report
  7) Low Level Synthesis
  8) Partition Report
  9) Final Report
	9.1) Device utilization summary
	9.2) Partition Resource Summary
	9.3) TIMING REPORT


=========================================================================
*                      Synthesis Options Summary                        *
=========================================================================
---- Source Parameters
Input File Name                    : "datapath.prj"
Input Format                       : mixed
Ignore Synthesis Constraint File   : NO

---- Target Parameters
Output File Name                   : "datapath"
Output Format                      : NGC
Target Device                      : xc3s400-4-pq208

---- Source Options
Top Module Name                    : datapath
Automatic FSM Extraction           : YES
FSM Encoding Algorithm             : Auto
Safe Implementation                : No
FSM Style                          : LUT
RAM Extraction                     : Yes
RAM Style                          : Auto
ROM Extraction                     : Yes
Mux Style                          : Auto
Decoder Extraction                 : YES
Priority Encoder Extraction        : Yes
Shift Register Extraction          : YES
Logical Shifter Extraction         : YES
XOR Collapsing                     : YES
ROM Style                          : Auto
Mux Extraction                     : Yes
Resource Sharing                   : YES
Asynchronous To Synchronous        : NO
Multiplier Style                   : Auto
Automatic Register Balancing       : No

---- Target Options
Add IO Buffers                     : YES
Global Maximum Fanout              : 100000
Add Generic Clock Buffer(BUFG)     : 8
Register Duplication               : YES
Slice Packing                      : YES
Optimize Instantiated Primitives   : NO
Use Clock Enable                   : Yes
Use Synchronous Set                : Yes
Use Synchronous Reset              : Yes
Pack IO Registers into IOBs        : Auto
Equivalent register Removal        : YES

---- General Options
Optimization Goal                  : Speed
Optimization Effort                : 1
Keep Hierarchy                     : No
Netlist Hierarchy                  : As_Optimized
RTL Output                         : Yes
Global Optimization                : AllClockNets
Read Cores                         : YES
Write Timing Constraints           : NO
Cross Clock Analysis               : NO
Hierarchy Separator                : /
Bus Delimiter                      : <>
Case Specifier                     : Maintain
Slice Utilization Ratio            : 100
BRAM Utilization Ratio             : 100
Verilog 2001                       : YES
Auto BRAM Packing                  : NO
Slice Utilization Ratio Delta      : 5

=========================================================================


=========================================================================
*                          HDL Compilation                              *
=========================================================================
Compiling verilog file "regbank.v" in library work
Module <regbank> compiled
Module <regfile> compiled
Module <specreg> compiled
Module <flagff> compiled
Module <zerodet> compiled
Module <rgtr8> compiled
Module <dff> compiled
Module <buffer16> compiled
Compiling verilog file "datapath.v" in library work
Module <dec> compiled
Module <datapath> compiled
Module <alu> compiled
Module <ygenmod> compiled
Module <ccgen> compiled
Module <signxtenbuf> compiled
No errors in compilation
Analysis of file <"datapath.prj"> succeeded.
 

=========================================================================
*                     Design Hierarchy Analysis                         *
=========================================================================
Analyzing hierarchy for module <datapath> in library <work>.

Analyzing hierarchy for module <ccgen> in library <work>.

Analyzing hierarchy for module <alu> in library <work>.

Analyzing hierarchy for module <flagff> in library <work>.

Analyzing hierarchy for module <specreg> in library <work>.

Analyzing hierarchy for module <regbank> in library <work>.

Analyzing hierarchy for module <ygenmod> in library <work>.

Analyzing hierarchy for module <buffer16> in library <work>.

Analyzing hierarchy for module <signxtenbuf> in library <work>.

Analyzing hierarchy for module <zerodet> in library <work>.

Analyzing hierarchy for module <dec> in library <work>.

Analyzing hierarchy for module <regfile> in library <work>.

Analyzing hierarchy for module <buffer16> in library <work>.

Analyzing hierarchy for module <rgtr8> in library <work>.

Analyzing hierarchy for module <buffer16> in library <work>.

Analyzing hierarchy for module <dff> in library <work>.

Analyzing hierarchy for module <buffer16> in library <work>.


=========================================================================
*                            HDL Analysis                               *
=========================================================================
Analyzing top module <datapath>.
Module <datapath> is correct for synthesis.
 
Analyzing module <ccgen> in library <work>.
Module <ccgen> is correct for synthesis.
 
Analyzing module <alu> in library <work>.
Module <alu> is correct for synthesis.
 
Analyzing module <flagff> in library <work>.
Module <flagff> is correct for synthesis.
 
Analyzing module <zerodet> in library <work>.
Module <zerodet> is correct for synthesis.
 
Analyzing module <specreg> in library <work>.
Module <specreg> is correct for synthesis.
 
Analyzing module <regbank> in library <work>.
Module <regbank> is correct for synthesis.
 
Analyzing module <dec> in library <work>.
Module <dec> is correct for synthesis.
 
Analyzing module <regfile> in library <work>.
Module <regfile> is correct for synthesis.
 
Analyzing module <rgtr8> in library <work>.
Module <rgtr8> is correct for synthesis.
 
Analyzing module <dff> in library <work>.
Module <dff> is correct for synthesis.
 
Analyzing module <ygenmod> in library <work>.
Module <ygenmod> is correct for synthesis.
 
Analyzing module <buffer16> in library <work>.
Module <buffer16> is correct for synthesis.
 
Analyzing module <signxtenbuf> in library <work>.
Module <signxtenbuf> is correct for synthesis.
 

=========================================================================
*                           HDL Synthesis                               *
=========================================================================

Performing bidirectional port resolution...

Synthesizing Unit <ccgen>.
    Related source file is "datapath.v".
Unit <ccgen> synthesized.


Synthesizing Unit <alu>.
    Related source file is "datapath.v".
WARNING:Xst:647 - Input <funsel> is never used. This port will be preserved and left unconnected if it belongs to a top-level block or it belongs to a sub-block and the hierarchy of this sub-block is preserved.
    Found 16-bit adder for signal <z>.
    Summary:
	inferred   1 Adder/Subtractor(s).
Unit <alu> synthesized.


Synthesizing Unit <ygenmod>.
    Related source file is "datapath.v".
    Found 16-bit register for signal <y>.
    Summary:
	inferred  16 D-type flip-flop(s).
Unit <ygenmod> synthesized.


Synthesizing Unit <buffer16>.
    Related source file is "regbank.v".
    Found 16-bit tristate buffer for signal <dout>.
    Summary:
	inferred  16 Tristate(s).
Unit <buffer16> synthesized.


Synthesizing Unit <zerodet>.
    Related source file is "regbank.v".
Unit <zerodet> synthesized.


Synthesizing Unit <dec>.
    Related source file is "regbank.v".
Unit <dec> synthesized.


Synthesizing Unit <dff>.
    Related source file is "regbank.v".
    Found 1-bit register for signal <q>.
    Summary:
	inferred   1 D-type flip-flop(s).
Unit <dff> synthesized.


Synthesizing Unit <flagff>.
    Related source file is "regbank.v".
    Found 1-bit register for signal <rc>.
    Found 1-bit register for signal <rs>.
    Found 1-bit register for signal <rv>.
    Found 1-bit xor2 for signal <rv$xor0000> created at line 104.
    Found 1-bit register for signal <rz>.
    Summary:
	inferred   4 D-type flip-flop(s).
Unit <flagff> synthesized.


Synthesizing Unit <specreg>.
    Related source file is "regbank.v".
    Found 16-bit register for signal <value>.
    Summary:
	inferred  16 D-type flip-flop(s).
Unit <specreg> synthesized.


Synthesizing Unit <signxtenbuf>.
    Related source file is "datapath.v".
WARNING:Xst:647 - Input <isr<15:12>> is never used. This port will be preserved and left unconnected if it belongs to a top-level block or it belongs to a sub-block and the hierarchy of this sub-block is preserved.
Unit <signxtenbuf> synthesized.


Synthesizing Unit <rgtr8>.
    Related source file is "regbank.v".
Unit <rgtr8> synthesized.


Synthesizing Unit <regfile>.
    Related source file is "regbank.v".
Unit <regfile> synthesized.


Synthesizing Unit <regbank>.
    Related source file is "regbank.v".
Unit <regbank> synthesized.


Synthesizing Unit <datapath>.
    Related source file is "datapath.v".
WARNING:Xst:647 - Input <mrw> is never used. This port will be preserved and left unconnected if it belongs to a top-level block or it belongs to a sub-block and the hierarchy of this sub-block is preserved.
Unit <datapath> synthesized.


=========================================================================
HDL Synthesis Report

Macro Statistics
# Adders/Subtractors                                   : 1
 16-bit adder                                          : 1
# Registers                                            : 138
 1-bit register                                        : 132
 16-bit register                                       : 6
# Tristates                                            : 304
 1-bit tristate buffer                                 : 304
# Xors                                                 : 1
 1-bit xor2                                            : 1

=========================================================================

=========================================================================
*                       Advanced HDL Synthesis                          *
=========================================================================


=========================================================================
Advanced HDL Synthesis Report

Macro Statistics
# Adders/Subtractors                                   : 1
 16-bit adder                                          : 1
# Registers                                            : 228
 Flip-Flops                                            : 228
# Xors                                                 : 1
 1-bit xor2                                            : 1

=========================================================================

=========================================================================
*                         Low Level Synthesis                           *
=========================================================================
WARNING:Xst:2042 - Unit buffer16: 16 internal tristates are replaced by logic (pull-up yes): dout<0>, dout<10>, dout<11>, dout<12>, dout<13>, dout<14>, dout<15>, dout<1>, dout<2>, dout<3>, dout<4>, dout<5>, dout<6>, dout<7>, dout<8>, dout<9>.

Optimizing unit <datapath> ...

Optimizing unit <ygenmod> ...

Mapping all equations...
Building and optimizing final netlist ...
Found area constraint ratio of 100 (+ 5) on block datapath, actual ratio is 5.

Final Macro Processing ...

=========================================================================
Final Register Report

Macro Statistics
# Registers                                            : 228
 Flip-Flops                                            : 228

=========================================================================

=========================================================================
*                           Partition Report                            *
=========================================================================

Partition Implementation Status
-------------------------------

  No Partitions were found in this design.

-------------------------------

=========================================================================
*                            Final Report                               *
=========================================================================
Final Results
RTL Top Level Output File Name     : datapath.ngr
Top Level Output File Name         : datapath
Output Format                      : NGC
Optimization Goal                  : Speed
Keep Hierarchy                     : No

Design Statistics
# IOs                              : 91

Cell Usage :
# BELS                             : 268
#      GND                         : 1
#      LUT2                        : 17
#      LUT2_L                      : 1
#      LUT3                        : 15
#      LUT4                        : 153
#      LUT4_D                      : 4
#      LUT4_L                      : 12
#      MUXCY                       : 15
#      MUXF5                       : 34
#      XORCY                       : 16
# FlipFlops/Latches                : 228
#      FDRE                        : 228
# Clock Buffers                    : 1
#      BUFGP                       : 1
# IO Buffers                       : 86
#      IBUF                        : 38
#      OBUF                        : 48
=========================================================================

Device utilization summary:
---------------------------

Selected Device : 3s400pq208-4 

 Number of Slices:                      172  out of   3584     4%  
 Number of Slice Flip Flops:            228  out of   7168     3%  
 Number of 4 input LUTs:                202  out of   7168     2%  
 Number of IOs:                          91
 Number of bonded IOBs:                  87  out of    141    61%  
 Number of GCLKs:                         1  out of      8    12%  

---------------------------
Partition Resource Summary:
---------------------------

  No Partitions were found in this design.

---------------------------


=========================================================================
TIMING REPORT

NOTE: THESE TIMING NUMBERS ARE ONLY A SYNTHESIS ESTIMATE.
      FOR ACCURATE TIMING INFORMATION PLEASE REFER TO THE TRACE REPORT
      GENERATED AFTER PLACE-and-ROUTE.

Clock Information:
------------------
-----------------------------------+------------------------+-------+
Clock Signal                       | Clock buffer(FF name)  | Load  |
-----------------------------------+------------------------+-------+
clk                                | BUFGP                  | 228   |
-----------------------------------+------------------------+-------+

Asynchronous Control Signals Information:
----------------------------------------
No asynchronous control signals found in this design

Timing Summary:
---------------
Speed Grade: -4

   Minimum period: 11.798ns (Maximum Frequency: 84.760MHz)
   Minimum input arrival time before clock: 15.143ns
   Maximum output required time after clock: 7.430ns
   Maximum combinational path delay: No path found

Timing Detail:
--------------
All values displayed in nanoseconds (ns)

=========================================================================
Timing constraint: Default period analysis for Clock 'clk'
  Clock period: 11.798ns (frequency: 84.760MHz)
  Total number of paths / destination ports: 39560 / 244
-------------------------------------------------------------------------
Delay:               11.798ns (Levels of Logic = 12)
  Source:            isrr/value_0 (FF)
  Destination:       flagff0/rz (FF)
  Source Clock:      clk rising
  Destination Clock: clk rising

  Data Path: isrr/value_0 to flagff0/rz
                                Gate     Net
    Cell:in->out      fanout   Delay   Delay  Logical Name (Net Name)
    ----------------------------------------  ------------
     FDRE:C->Q             2   0.720   0.945  isrr/value_0 (isrr/value_0)
     LUT3:I2->O            1   0.551   0.869  x<0>LogicTrst4_SW0 (N2)
     LUT4_L:I2->LO         1   0.551   0.126  x<0>LogicTrst42 (x<0>LogicTrst42)
     LUT4:I3->O            2   0.551   1.072  x<0>LogicTrst192 (x<0>)
     LUT2:I1->O            1   0.551   0.000  alu0/Madd_z_lut<0> (alu0/Madd_z_lut<0>)
     MUXCY:S->O            1   0.500   0.000  alu0/Madd_z_cy<0> (alu0/Madd_z_cy<0>)
     MUXCY:CI->O           1   0.064   0.000  alu0/Madd_z_cy<1> (alu0/Madd_z_cy<1>)
     MUXCY:CI->O           1   0.064   0.000  alu0/Madd_z_cy<2> (alu0/Madd_z_cy<2>)
     MUXCY:CI->O           1   0.064   0.000  alu0/Madd_z_cy<3> (alu0/Madd_z_cy<3>)
     XORCY:CI->O          12   0.904   1.457  alu0/Madd_z_xor<4> (z<4>)
     LUT2_L:I0->LO         1   0.551   0.126  flagff0/zd0/cz_cmp_eq00003 (flagff0/zd0/cz_cmp_eq00003)
     LUT4:I3->O            1   0.551   0.827  flagff0/zd0/cz_cmp_eq000017 (flagff0/zd0/cz_cmp_eq000017)
     LUT4:I3->O            1   0.551   0.000  flagff0/zd0/cz_cmp_eq000088 (flagff0/cz)
     FDRE:D                    0.203          flagff0/rz
    ----------------------------------------
    Total                     11.798ns (6.376ns logic, 5.422ns route)
                                       (54.0% logic, 46.0% route)

=========================================================================
Timing constraint: Default OFFSET IN BEFORE for Clock 'clk'
  Total number of paths / destination ports: 63075 / 668
-------------------------------------------------------------------------
Offset:              15.143ns (Levels of Logic = 15)
  Source:            tr (PAD)
  Destination:       flagff0/rz (FF)
  Destination Clock: clk rising

  Data Path: tr to flagff0/rz
                                Gate     Net
    Cell:in->out      fanout   Delay   Delay  Logical Name (Net Name)
    ----------------------------------------  ------------
     IBUF:I->O            22   0.821   1.795  tr_IBUF (tr_IBUF)
     LUT4:I1->O            1   0.551   0.000  x<10>LogicTrst221 (x<10>LogicTrst22)
     MUXF5:I0->O          11   0.360   1.483  x<10>LogicTrst22_f5 (x<0>LogicTrst22)
     LUT3:I0->O            1   0.551   0.869  x<0>LogicTrst4_SW0 (N2)
     LUT4_L:I2->LO         1   0.551   0.126  x<0>LogicTrst42 (x<0>LogicTrst42)
     LUT4:I3->O            2   0.551   1.072  x<0>LogicTrst192 (x<0>)
     LUT2:I1->O            1   0.551   0.000  alu0/Madd_z_lut<0> (alu0/Madd_z_lut<0>)
     MUXCY:S->O            1   0.500   0.000  alu0/Madd_z_cy<0> (alu0/Madd_z_cy<0>)
     MUXCY:CI->O           1   0.064   0.000  alu0/Madd_z_cy<1> (alu0/Madd_z_cy<1>)
     MUXCY:CI->O           1   0.064   0.000  alu0/Madd_z_cy<2> (alu0/Madd_z_cy<2>)
     MUXCY:CI->O           1   0.064   0.000  alu0/Madd_z_cy<3> (alu0/Madd_z_cy<3>)
     XORCY:CI->O          12   0.904   1.457  alu0/Madd_z_xor<4> (z<4>)
     LUT2_L:I0->LO         1   0.551   0.126  flagff0/zd0/cz_cmp_eq00003 (flagff0/zd0/cz_cmp_eq00003)
     LUT4:I3->O            1   0.551   0.827  flagff0/zd0/cz_cmp_eq000017 (flagff0/zd0/cz_cmp_eq000017)
     LUT4:I3->O            1   0.551   0.000  flagff0/zd0/cz_cmp_eq000088 (flagff0/cz)
     FDRE:D                    0.203          flagff0/rz
    ----------------------------------------
    Total                     15.143ns (7.388ns logic, 7.755ns route)
                                       (48.8% logic, 51.2% route)

=========================================================================
Timing constraint: Default OFFSET OUT AFTER for Clock 'clk'
  Total number of paths / destination ports: 48 / 48
-------------------------------------------------------------------------
Offset:              7.430ns (Levels of Logic = 1)
  Source:            isrr/value_14 (FF)
  Destination:       isr<14> (PAD)
  Source Clock:      clk rising

  Data Path: isrr/value_14 to isr<14>
                                Gate     Net
    Cell:in->out      fanout   Delay   Delay  Logical Name (Net Name)
    ----------------------------------------  ------------
     FDRE:C->Q             7   0.720   1.066  isrr/value_14 (isrr/value_14)
     OBUF:I->O                 5.644          isr_14_OBUF (isr<14>)
    ----------------------------------------
    Total                      7.430ns (6.364ns logic, 1.066ns route)
                                       (85.7% logic, 14.3% route)

=========================================================================


Total REAL time to Xst completion: 7.00 secs
Total CPU time to Xst completion: 6.12 secs
 
--> 

Total memory usage is 268064 kilobytes

Number of errors   :    0 (   0 filtered)
Number of warnings :    6 (   0 filtered)
Number of infos    :    0 (   0 filtered)

