Release 14.7 - xst P.20131013 (nt64)
Copyright (c) 1995-2013 Xilinx, Inc.  All rights reserved.
--> Parameter TMPDIR set to xst/projnav.tmp


Total REAL time to Xst completion: 0.00 secs
Total CPU time to Xst completion: 0.06 secs
 
--> Parameter xsthdpdir set to xst


Total REAL time to Xst completion: 0.00 secs
Total CPU time to Xst completion: 0.06 secs
 
--> Reading design: seg.prj

TABLE OF CONTENTS
  1) Synthesis Options Summary
  2) HDL Compilation
  3) Design Hierarchy Analysis
  4) HDL Analysis
  5) HDL Synthesis
     5.1) HDL Synthesis Report
  6) Advanced HDL Synthesis
     6.1) Advanced HDL Synthesis Report
  7) Low Level Synthesis
  8) Partition Report
  9) Final Report
	9.1) Device utilization summary
	9.2) Partition Resource Summary
	9.3) TIMING REPORT


=========================================================================
*                      Synthesis Options Summary                        *
=========================================================================
---- Source Parameters
Input File Name                    : "seg.prj"
Input Format                       : mixed
Ignore Synthesis Constraint File   : NO

---- Target Parameters
Output File Name                   : "seg"
Output Format                      : NGC
Target Device                      : xc3s400-4-pq208

---- Source Options
Top Module Name                    : seg
Automatic FSM Extraction           : YES
FSM Encoding Algorithm             : Auto
Safe Implementation                : No
FSM Style                          : LUT
RAM Extraction                     : Yes
RAM Style                          : Auto
ROM Extraction                     : Yes
Mux Style                          : Auto
Decoder Extraction                 : YES
Priority Encoder Extraction        : Yes
Shift Register Extraction          : YES
Logical Shifter Extraction         : YES
XOR Collapsing                     : YES
ROM Style                          : Auto
Mux Extraction                     : Yes
Resource Sharing                   : YES
Asynchronous To Synchronous        : NO
Multiplier Style                   : Auto
Automatic Register Balancing       : No

---- Target Options
Add IO Buffers                     : YES
Global Maximum Fanout              : 100000
Add Generic Clock Buffer(BUFG)     : 8
Register Duplication               : YES
Slice Packing                      : YES
Optimize Instantiated Primitives   : NO
Use Clock Enable                   : Yes
Use Synchronous Set                : Yes
Use Synchronous Reset              : Yes
Pack IO Registers into IOBs        : Auto
Equivalent register Removal        : YES

---- General Options
Optimization Goal                  : Speed
Optimization Effort                : 1
Keep Hierarchy                     : No
Netlist Hierarchy                  : As_Optimized
RTL Output                         : Yes
Global Optimization                : AllClockNets
Read Cores                         : YES
Write Timing Constraints           : NO
Cross Clock Analysis               : NO
Hierarchy Separator                : /
Bus Delimiter                      : <>
Case Specifier                     : Maintain
Slice Utilization Ratio            : 100
BRAM Utilization Ratio             : 100
Verilog 2001                       : YES
Auto BRAM Packing                  : NO
Slice Utilization Ratio Delta      : 5

=========================================================================


=========================================================================
*                          HDL Compilation                              *
=========================================================================
Compiling verilog file "datapath.v" in library work
Module <datapath> compiled
Module <alu> compiled
Compiling verilog file "controller.v" in library work
Module <partproduct> compiled
Compiling verilog file "top.v" in library work
Module <controller> compiled
Compiling verilog file "seg.v" in library work
Module <top> compiled
Module <seg> compiled
Module <seven> compiled
No errors in compilation
Analysis of file <"seg.prj"> succeeded.
 

=========================================================================
*                     Design Hierarchy Analysis                         *
=========================================================================
Analyzing hierarchy for module <seg> in library <work>.

Analyzing hierarchy for module <top> in library <work>.

Analyzing hierarchy for module <seven> in library <work>.

Analyzing hierarchy for module <datapath> in library <work>.

Analyzing hierarchy for module <controller> in library <work>.

Analyzing hierarchy for module <alu> in library <work>.

Analyzing hierarchy for module <partproduct> in library <work>.


=========================================================================
*                            HDL Analysis                               *
=========================================================================
Analyzing top module <seg>.
Module <seg> is correct for synthesis.
 
Analyzing module <top> in library <work>.
Module <top> is correct for synthesis.
 
Analyzing module <datapath> in library <work>.
Module <datapath> is correct for synthesis.
 
Analyzing module <alu> in library <work>.
Module <alu> is correct for synthesis.
 
Analyzing module <partproduct> in library <work>.
Module <partproduct> is correct for synthesis.
 
Analyzing module <controller> in library <work>.
Module <controller> is correct for synthesis.
 
Analyzing module <seven> in library <work>.
Module <seven> is correct for synthesis.
 

=========================================================================
*                           HDL Synthesis                               *
=========================================================================

Performing bidirectional port resolution...

Synthesizing Unit <seven>.
    Related source file is "seg.v".
    Found 4-bit comparator greatequal for signal <out1$cmp_ge0000> created at line 113.
    Summary:
	inferred   1 Comparator(s).
Unit <seven> synthesized.


Synthesizing Unit <controller>.
    Related source file is "controller.v".
WARNING:Xst:647 - Input <status<4>> is never used. This port will be preserved and left unconnected if it belongs to a top-level block or it belongs to a sub-block and the hierarchy of this sub-block is preserved.
    Found 1-bit xor2 for signal <funsel<2>>.
    Found 1-bit register for signal <done>.
    Found 2-bit register for signal <state>.
    Summary:
	inferred   3 D-type flip-flop(s).
Unit <controller> synthesized.


Synthesizing Unit <partproduct>.
    Related source file is "datapath.v".
    Found 1-bit xor2 for signal <out>.
Unit <partproduct> synthesized.


Synthesizing Unit <alu>.
    Related source file is "datapath.v".
    Found 16-bit adder for signal <out>.
    Found 16-bit adder for signal <out$addsub0000> created at line 100.
    Summary:
	inferred   2 Adder/Subtractor(s).
Unit <alu> synthesized.


Synthesizing Unit <datapath>.
    Related source file is "datapath.v".
    Found 16-bit adder for signal <po>.
    Found 8-bit register for signal <a>.
    Found 3-bit up counter for signal <cnt>.
    Found 16-bit register for signal <p>.
    Found 16-bit adder for signal <p$addsub0000> created at line 59.
    Found 16-bit adder for signal <p$addsub0001> created at line 59.
    Found 16-bit adder for signal <p$addsub0002> created at line 59.
    Found 16-bit adder for signal <p$addsub0003> created at line 59.
    Found 16-bit adder for signal <p$addsub0004> created at line 59.
    Found 16-bit adder for signal <p$addsub0005> created at line 59.
    Found 16-bit adder for signal <p$addsub0006> created at line 59.
    Found 16-bit adder for signal <p$addsub0007> created at line 59.
    Found 16-bit adder for signal <sp>.
    Found 16-bit adder for signal <sp$addsub0000> created at line 48.
    Found 3-bit register for signal <x>.
    Summary:
	inferred   1 Counter(s).
	inferred  27 D-type flip-flop(s).
	inferred  11 Adder/Subtractor(s).
Unit <datapath> synthesized.


Synthesizing Unit <top>.
    Related source file is "top.v".
Unit <top> synthesized.


Synthesizing Unit <seg>.
    Related source file is "seg.v".
WARNING:Xst:646 - Signal <shift> is assigned but never used. This unconnected signal will be trimmed during the optimization process.
    Found 7-bit register for signal <osegm>.
    Found 4-bit register for signal <segen>.
    Found 4-bit adder for signal <$add0000> created at line 48.
    Found 4-bit adder for signal <$add0001> created at line 48.
    Found 4-bit adder for signal <$add0002> created at line 48.
    Found 4-bit adder for signal <$add0003> created at line 48.
    Found 4-bit adder for signal <$add0004> created at line 51.
    Found 4-bit adder for signal <$add0005> created at line 48.
    Found 4-bit adder for signal <$add0006> created at line 51.
    Found 4-bit adder for signal <nsg>.
    Found 4-bit comparator greatequal for signal <shift$cmp_ge0000> created at line 47.
    Found 4-bit comparator greatequal for signal <shift$cmp_ge0001> created at line 47.
    Found 4-bit comparator greatequal for signal <shift$cmp_ge0002> created at line 47.
    Found 4-bit comparator greatequal for signal <shift$cmp_ge0003> created at line 50.
    Found 4-bit comparator greatequal for signal <shift$cmp_ge0004> created at line 47.
    Found 4-bit comparator greatequal for signal <shift$cmp_ge0005> created at line 50.
    Found 4-bit comparator greatequal for signal <shift$cmp_ge0006> created at line 47.
    Summary:
	inferred  11 D-type flip-flop(s).
	inferred   8 Adder/Subtractor(s).
	inferred   7 Comparator(s).
Unit <seg> synthesized.


=========================================================================
HDL Synthesis Report

Macro Statistics
# Adders/Subtractors                                   : 21
 16-bit adder                                          : 13
 4-bit adder                                           : 8
# Counters                                             : 1
 3-bit up counter                                      : 1
# Registers                                            : 9
 1-bit register                                        : 4
 16-bit register                                       : 1
 2-bit register                                        : 1
 4-bit register                                        : 1
 7-bit register                                        : 1
 8-bit register                                        : 1
# Comparators                                          : 10
 4-bit comparator greatequal                           : 10
# Xors                                                 : 9
 1-bit xor2                                            : 9

=========================================================================

=========================================================================
*                       Advanced HDL Synthesis                          *
=========================================================================


=========================================================================
Advanced HDL Synthesis Report

Macro Statistics
# Adders/Subtractors                                   : 21
 16-bit adder                                          : 13
 4-bit adder                                           : 8
# Counters                                             : 1
 3-bit up counter                                      : 1
# Registers                                            : 41
 Flip-Flops                                            : 41
# Comparators                                          : 10
 4-bit comparator greatequal                           : 10
# Xors                                                 : 9
 1-bit xor2                                            : 9

=========================================================================

=========================================================================
*                         Low Level Synthesis                           *
=========================================================================

Optimizing unit <seg> ...

Optimizing unit <controller> ...

Optimizing unit <alu> ...

Optimizing unit <datapath> ...

Mapping all equations...
Building and optimizing final netlist ...
Found area constraint ratio of 100 (+ 5) on block seg, actual ratio is 2.

Final Macro Processing ...

=========================================================================
Final Register Report

Macro Statistics
# Registers                                            : 44
 Flip-Flops                                            : 44

=========================================================================

=========================================================================
*                           Partition Report                            *
=========================================================================

Partition Implementation Status
-------------------------------

  No Partitions were found in this design.

-------------------------------

=========================================================================
*                            Final Report                               *
=========================================================================
Final Results
RTL Top Level Output File Name     : seg.ngr
Top Level Output File Name         : seg
Output Format                      : NGC
Optimization Goal                  : Speed
Keep Hierarchy                     : No

Design Statistics
# IOs                              : 46

Cell Usage :
# BELS                             : 272
#      GND                         : 1
#      INV                         : 3
#      LUT1                        : 24
#      LUT2                        : 18
#      LUT2_L                      : 4
#      LUT3                        : 19
#      LUT3_D                      : 3
#      LUT3_L                      : 3
#      LUT4                        : 87
#      LUT4_D                      : 6
#      LUT4_L                      : 8
#      MULT_AND                    : 5
#      MUXCY                       : 21
#      MUXF5                       : 33
#      XORCY                       : 37
# FlipFlops/Latches                : 44
#      FD                          : 4
#      FDE                         : 26
#      FDR_1                       : 1
#      FDRE                        : 4
#      FDRS_1                      : 2
#      FDS                         : 7
# Clock Buffers                    : 1
#      BUFGP                       : 1
# IO Buffers                       : 45
#      IBUF                        : 17
#      OBUF                        : 28
=========================================================================

Device utilization summary:
---------------------------

Selected Device : 3s400pq208-4 

 Number of Slices:                       96  out of   3584     2%  
 Number of Slice Flip Flops:             44  out of   7168     0%  
 Number of 4 input LUTs:                175  out of   7168     2%  
 Number of IOs:                          46
 Number of bonded IOBs:                  46  out of    141    32%  
 Number of GCLKs:                         1  out of      8    12%  

---------------------------
Partition Resource Summary:
---------------------------

  No Partitions were found in this design.

---------------------------


=========================================================================
TIMING REPORT

NOTE: THESE TIMING NUMBERS ARE ONLY A SYNTHESIS ESTIMATE.
      FOR ACCURATE TIMING INFORMATION PLEASE REFER TO THE TRACE REPORT
      GENERATED AFTER PLACE-and-ROUTE.

Clock Information:
------------------
-----------------------------------+------------------------+-------+
Clock Signal                       | Clock buffer(FF name)  | Load  |
-----------------------------------+------------------------+-------+
clk                                | BUFGP                  | 44    |
-----------------------------------+------------------------+-------+

Asynchronous Control Signals Information:
----------------------------------------
No asynchronous control signals found in this design

Timing Summary:
---------------
Speed Grade: -4

   Minimum period: 15.534ns (Maximum Frequency: 64.375MHz)
   Minimum input arrival time before clock: 15.926ns
   Maximum output required time after clock: 11.274ns
   Maximum combinational path delay: 11.666ns

Timing Detail:
--------------
All values displayed in nanoseconds (ns)

=========================================================================
Timing constraint: Default period analysis for Clock 'clk'
  Clock period: 15.534ns (frequency: 64.375MHz)
  Total number of paths / destination ports: 30708 / 67
-------------------------------------------------------------------------
Delay:               15.534ns (Levels of Logic = 12)
  Source:            top0/datapath0/p_1 (FF)
  Destination:       osegm_0 (FF)
  Source Clock:      clk rising
  Destination Clock: clk rising

  Data Path: top0/datapath0/p_1 to osegm_0
                                Gate     Net
    Cell:in->out      fanout   Delay   Delay  Logical Name (Net Name)
    ----------------------------------------  ------------
     FDE:C->Q              3   0.720   1.246  top0/datapath0/p_1 (top0/datapath0/p_1)
     LUT1:I0->O            1   0.551   0.000  top0/datapath0/Madd_po_cy<1>_rt (top0/datapath0/Madd_po_cy<1>_rt)
     MUXCY:S->O            1   0.500   0.000  top0/datapath0/Madd_po_cy<1> (top0/datapath0/Madd_po_cy<1>)
     MUXCY:CI->O           1   0.064   0.000  top0/datapath0/Madd_po_cy<2> (top0/datapath0/Madd_po_cy<2>)
     MUXCY:CI->O           1   0.064   0.000  top0/datapath0/Madd_po_cy<3> (top0/datapath0/Madd_po_cy<3>)
     XORCY:CI->O          14   0.904   1.526  top0/datapath0/Madd_po_xor<4> (Madd__add0001_cy<0>)
     LUT4:I0->O            5   0.551   0.947  shift_mux00041 (shift_mux0004)
     LUT4:I3->O            7   0.551   1.261  shift_mux000811 (N18)
     LUT2:I1->O            1   0.551   0.827  shift_mux00082 (Madd__add0004_cy<0>)
     LUT4:I3->O            1   0.551   0.000  shift_mux002037_G (N169)
     MUXF5:I1->O          16   0.360   1.305  shift_mux002037 (hundreds<0>)
     LUT3_L:I2->LO         1   0.551   0.126  osegm_mux0000<2>48_SW0_SW0_SW0 (N111)
     LUT4:I3->O            1   0.551   0.801  osegm_mux0000<2>51 (osegm_mux0000<2>51)
     FDS:S                     1.026          osegm_2
    ----------------------------------------
    Total                     15.534ns (7.495ns logic, 8.039ns route)
                                       (48.2% logic, 51.8% route)

=========================================================================
Timing constraint: Default OFFSET IN BEFORE for Clock 'clk'
  Total number of paths / destination ports: 4408 / 73
-------------------------------------------------------------------------
Offset:              15.926ns (Levels of Logic = 14)
  Source:            pin<7> (PAD)
  Destination:       osegm_0 (FF)
  Destination Clock: clk rising

  Data Path: pin<7> to osegm_0
                                Gate     Net
    Cell:in->out      fanout   Delay   Delay  Logical Name (Net Name)
    ----------------------------------------  ------------
     IBUF:I->O            10   0.821   1.473  pin_7_IBUF (pin_7_IBUF)
     LUT2:I0->O            1   0.551   0.000  top0/datapath0/Madd_po_lut<0> (top0/datapath0/Madd_po_lut<0>)
     MUXCY:S->O            1   0.500   0.000  top0/datapath0/Madd_po_cy<0> (top0/datapath0/Madd_po_cy<0>)
     MUXCY:CI->O           1   0.064   0.000  top0/datapath0/Madd_po_cy<1> (top0/datapath0/Madd_po_cy<1>)
     MUXCY:CI->O           1   0.064   0.000  top0/datapath0/Madd_po_cy<2> (top0/datapath0/Madd_po_cy<2>)
     MUXCY:CI->O           1   0.064   0.000  top0/datapath0/Madd_po_cy<3> (top0/datapath0/Madd_po_cy<3>)
     XORCY:CI->O          14   0.904   1.526  top0/datapath0/Madd_po_xor<4> (Madd__add0001_cy<0>)
     LUT4:I0->O            5   0.551   0.947  shift_mux00041 (shift_mux0004)
     LUT4:I3->O            7   0.551   1.261  shift_mux000811 (N18)
     LUT2:I1->O            1   0.551   0.827  shift_mux00082 (Madd__add0004_cy<0>)
     LUT4:I3->O            1   0.551   0.000  shift_mux002037_G (N169)
     MUXF5:I1->O          16   0.360   1.305  shift_mux002037 (hundreds<0>)
     LUT3_L:I2->LO         1   0.551   0.126  osegm_mux0000<2>48_SW0_SW0_SW0 (N111)
     LUT4:I3->O            1   0.551   0.801  osegm_mux0000<2>51 (osegm_mux0000<2>51)
     FDS:S                     1.026          osegm_2
    ----------------------------------------
    Total                     15.926ns (7.660ns logic, 8.266ns route)
                                       (48.1% logic, 51.9% route)

=========================================================================
Timing constraint: Default OFFSET OUT AFTER for Clock 'clk'
  Total number of paths / destination ports: 163 / 28
-------------------------------------------------------------------------
Offset:              11.274ns (Levels of Logic = 17)
  Source:            top0/datapath0/p_1 (FF)
  Destination:       p<15> (PAD)
  Source Clock:      clk rising

  Data Path: top0/datapath0/p_1 to p<15>
                                Gate     Net
    Cell:in->out      fanout   Delay   Delay  Logical Name (Net Name)
    ----------------------------------------  ------------
     FDE:C->Q              3   0.720   1.246  top0/datapath0/p_1 (top0/datapath0/p_1)
     LUT1:I0->O            1   0.551   0.000  top0/datapath0/Madd_po_cy<1>_rt (top0/datapath0/Madd_po_cy<1>_rt)
     MUXCY:S->O            1   0.500   0.000  top0/datapath0/Madd_po_cy<1> (top0/datapath0/Madd_po_cy<1>)
     MUXCY:CI->O           1   0.064   0.000  top0/datapath0/Madd_po_cy<2> (top0/datapath0/Madd_po_cy<2>)
     MUXCY:CI->O           1   0.064   0.000  top0/datapath0/Madd_po_cy<3> (top0/datapath0/Madd_po_cy<3>)
     MUXCY:CI->O           1   0.064   0.000  top0/datapath0/Madd_po_cy<4> (top0/datapath0/Madd_po_cy<4>)
     MUXCY:CI->O           1   0.064   0.000  top0/datapath0/Madd_po_cy<5> (top0/datapath0/Madd_po_cy<5>)
     MUXCY:CI->O           1   0.064   0.000  top0/datapath0/Madd_po_cy<6> (top0/datapath0/Madd_po_cy<6>)
     MUXCY:CI->O           1   0.064   0.000  top0/datapath0/Madd_po_cy<7> (top0/datapath0/Madd_po_cy<7>)
     MUXCY:CI->O           1   0.064   0.000  top0/datapath0/Madd_po_cy<8> (top0/datapath0/Madd_po_cy<8>)
     MUXCY:CI->O           1   0.064   0.000  top0/datapath0/Madd_po_cy<9> (top0/datapath0/Madd_po_cy<9>)
     MUXCY:CI->O           1   0.064   0.000  top0/datapath0/Madd_po_cy<10> (top0/datapath0/Madd_po_cy<10>)
     MUXCY:CI->O           1   0.064   0.000  top0/datapath0/Madd_po_cy<11> (top0/datapath0/Madd_po_cy<11>)
     MUXCY:CI->O           1   0.064   0.000  top0/datapath0/Madd_po_cy<12> (top0/datapath0/Madd_po_cy<12>)
     MUXCY:CI->O           1   0.064   0.000  top0/datapath0/Madd_po_cy<13> (top0/datapath0/Madd_po_cy<13>)
     MUXCY:CI->O           0   0.064   0.000  top0/datapath0/Madd_po_cy<14> (top0/datapath0/Madd_po_cy<14>)
     XORCY:CI->O           2   0.904   0.877  top0/datapath0/Madd_po_xor<15> (p_15_OBUF)
     OBUF:I->O                 5.644          p_15_OBUF (p<15>)
    ----------------------------------------
    Total                     11.274ns (9.151ns logic, 2.123ns route)
                                       (81.2% logic, 18.8% route)

=========================================================================
Timing constraint: Default path analysis
  Total number of paths / destination ports: 16 / 16
-------------------------------------------------------------------------
Delay:               11.666ns (Levels of Logic = 19)
  Source:            pin<7> (PAD)
  Destination:       p<15> (PAD)

  Data Path: pin<7> to p<15>
                                Gate     Net
    Cell:in->out      fanout   Delay   Delay  Logical Name (Net Name)
    ----------------------------------------  ------------
     IBUF:I->O            10   0.821   1.473  pin_7_IBUF (pin_7_IBUF)
     LUT2:I0->O            1   0.551   0.000  top0/datapath0/Madd_po_lut<0> (top0/datapath0/Madd_po_lut<0>)
     MUXCY:S->O            1   0.500   0.000  top0/datapath0/Madd_po_cy<0> (top0/datapath0/Madd_po_cy<0>)
     MUXCY:CI->O           1   0.064   0.000  top0/datapath0/Madd_po_cy<1> (top0/datapath0/Madd_po_cy<1>)
     MUXCY:CI->O           1   0.064   0.000  top0/datapath0/Madd_po_cy<2> (top0/datapath0/Madd_po_cy<2>)
     MUXCY:CI->O           1   0.064   0.000  top0/datapath0/Madd_po_cy<3> (top0/datapath0/Madd_po_cy<3>)
     MUXCY:CI->O           1   0.064   0.000  top0/datapath0/Madd_po_cy<4> (top0/datapath0/Madd_po_cy<4>)
     MUXCY:CI->O           1   0.064   0.000  top0/datapath0/Madd_po_cy<5> (top0/datapath0/Madd_po_cy<5>)
     MUXCY:CI->O           1   0.064   0.000  top0/datapath0/Madd_po_cy<6> (top0/datapath0/Madd_po_cy<6>)
     MUXCY:CI->O           1   0.064   0.000  top0/datapath0/Madd_po_cy<7> (top0/datapath0/Madd_po_cy<7>)
     MUXCY:CI->O           1   0.064   0.000  top0/datapath0/Madd_po_cy<8> (top0/datapath0/Madd_po_cy<8>)
     MUXCY:CI->O           1   0.064   0.000  top0/datapath0/Madd_po_cy<9> (top0/datapath0/Madd_po_cy<9>)
     MUXCY:CI->O           1   0.064   0.000  top0/datapath0/Madd_po_cy<10> (top0/datapath0/Madd_po_cy<10>)
     MUXCY:CI->O           1   0.064   0.000  top0/datapath0/Madd_po_cy<11> (top0/datapath0/Madd_po_cy<11>)
     MUXCY:CI->O           1   0.064   0.000  top0/datapath0/Madd_po_cy<12> (top0/datapath0/Madd_po_cy<12>)
     MUXCY:CI->O           1   0.064   0.000  top0/datapath0/Madd_po_cy<13> (top0/datapath0/Madd_po_cy<13>)
     MUXCY:CI->O           0   0.064   0.000  top0/datapath0/Madd_po_cy<14> (top0/datapath0/Madd_po_cy<14>)
     XORCY:CI->O           2   0.904   0.877  top0/datapath0/Madd_po_xor<15> (p_15_OBUF)
     OBUF:I->O                 5.644          p_15_OBUF (p<15>)
    ----------------------------------------
    Total                     11.666ns (9.316ns logic, 2.350ns route)
                                       (79.9% logic, 20.1% route)

=========================================================================


Total REAL time to Xst completion: 5.00 secs
Total CPU time to Xst completion: 4.99 secs
 
--> 

Total memory usage is 262564 kilobytes

Number of errors   :    0 (   0 filtered)
Number of warnings :    3 (   0 filtered)
Number of infos    :    0 (   0 filtered)

