Release 14.7 - xst P.20131013 (nt64)
Copyright (c) 1995-2013 Xilinx, Inc.  All rights reserved.
--> Parameter TMPDIR set to xst/projnav.tmp


Total REAL time to Xst completion: 0.00 secs
Total CPU time to Xst completion: 0.06 secs
 
--> Parameter xsthdpdir set to xst


Total REAL time to Xst completion: 0.00 secs
Total CPU time to Xst completion: 0.06 secs
 
--> Reading design: display.prj

TABLE OF CONTENTS
  1) Synthesis Options Summary
  2) HDL Compilation
  3) Design Hierarchy Analysis
  4) HDL Analysis
  5) HDL Synthesis
     5.1) HDL Synthesis Report
  6) Advanced HDL Synthesis
     6.1) Advanced HDL Synthesis Report
  7) Low Level Synthesis
  8) Partition Report
  9) Final Report
	9.1) Device utilization summary
	9.2) Partition Resource Summary
	9.3) TIMING REPORT


=========================================================================
*                      Synthesis Options Summary                        *
=========================================================================
---- Source Parameters
Input File Name                    : "display.prj"
Input Format                       : mixed
Ignore Synthesis Constraint File   : NO

---- Target Parameters
Output File Name                   : "display"
Output Format                      : NGC
Target Device                      : xc3s400-4-pq208

---- Source Options
Top Module Name                    : display
Automatic FSM Extraction           : YES
FSM Encoding Algorithm             : Auto
Safe Implementation                : No
FSM Style                          : LUT
RAM Extraction                     : Yes
RAM Style                          : Auto
ROM Extraction                     : Yes
Mux Style                          : Auto
Decoder Extraction                 : YES
Priority Encoder Extraction        : Yes
Shift Register Extraction          : YES
Logical Shifter Extraction         : YES
XOR Collapsing                     : YES
ROM Style                          : Auto
Mux Extraction                     : Yes
Resource Sharing                   : YES
Asynchronous To Synchronous        : NO
Multiplier Style                   : Auto
Automatic Register Balancing       : No

---- Target Options
Add IO Buffers                     : YES
Global Maximum Fanout              : 500
Add Generic Clock Buffer(BUFG)     : 8
Register Duplication               : YES
Slice Packing                      : YES
Optimize Instantiated Primitives   : NO
Use Clock Enable                   : Yes
Use Synchronous Set                : Yes
Use Synchronous Reset              : Yes
Pack IO Registers into IOBs        : Auto
Equivalent register Removal        : YES

---- General Options
Optimization Goal                  : Speed
Optimization Effort                : 1
Keep Hierarchy                     : No
Netlist Hierarchy                  : As_Optimized
RTL Output                         : Yes
Global Optimization                : AllClockNets
Read Cores                         : YES
Write Timing Constraints           : NO
Cross Clock Analysis               : NO
Hierarchy Separator                : /
Bus Delimiter                      : <>
Case Specifier                     : Maintain
Slice Utilization Ratio            : 100
BRAM Utilization Ratio             : 100
Verilog 2001                       : YES
Auto BRAM Packing                  : NO
Slice Utilization Ratio Delta      : 5

=========================================================================


=========================================================================
*                          HDL Compilation                              *
=========================================================================
Compiling verilog file "count01.v" in library work
Compiling verilog file "display.v" in library work
Module <count01> compiled
Module <display> compiled
No errors in compilation
Analysis of file <"display.prj"> succeeded.
 

=========================================================================
*                     Design Hierarchy Analysis                         *
=========================================================================
Analyzing hierarchy for module <display> in library <work>.

Analyzing hierarchy for module <count01> in library <work>.


=========================================================================
*                            HDL Analysis                               *
=========================================================================
Analyzing top module <display>.
Module <display> is correct for synthesis.
 
Analyzing module <count01> in library <work>.
Module <count01> is correct for synthesis.
 

=========================================================================
*                           HDL Synthesis                               *
=========================================================================

Performing bidirectional port resolution...

Synthesizing Unit <count01>.
    Related source file is "count01.v".
    Found 1-bit register for signal <cnt>.
    Found 1-bit register for signal <z>.
    Found 1-bit xor2 for signal <chng>.
    Found 1-bit xor2 for signal <chq>.
    Found 1-bit register for signal <old>.
    Summary:
	inferred   3 D-type flip-flop(s).
Unit <count01> synthesized.


Synthesizing Unit <display>.
    Related source file is "display.v".
    Found 1-bit register for signal <clko>.
    Found 64-bit up counter for signal <ccnt>.
    Found 64-bit comparator equal for signal <ccnt$cmp_eq0000> created at line 44.
    Found 64-bit comparator not equal for signal <clko$cmp_ne0000> created at line 44.
    Found 64-bit adder for signal <old_ccnt_1$add0000> created at line 43.
    Summary:
	inferred   1 Counter(s).
	inferred   1 D-type flip-flop(s).
	inferred   1 Adder/Subtractor(s).
	inferred   2 Comparator(s).
Unit <display> synthesized.


=========================================================================
HDL Synthesis Report

Macro Statistics
# Adders/Subtractors                                   : 1
 64-bit adder                                          : 1
# Counters                                             : 1
 64-bit up counter                                     : 1
# Registers                                            : 4
 1-bit register                                        : 4
# Comparators                                          : 2
 64-bit comparator equal                               : 1
 64-bit comparator not equal                           : 1
# Xors                                                 : 2
 1-bit xor2                                            : 2

=========================================================================

=========================================================================
*                       Advanced HDL Synthesis                          *
=========================================================================


=========================================================================
Advanced HDL Synthesis Report

Macro Statistics
# Adders/Subtractors                                   : 1
 64-bit adder                                          : 1
# Counters                                             : 1
 64-bit up counter                                     : 1
# Registers                                            : 4
 Flip-Flops                                            : 4
# Comparators                                          : 2
 64-bit comparator equal                               : 1
 64-bit comparator not equal                           : 1
# Xors                                                 : 2
 1-bit xor2                                            : 2

=========================================================================

=========================================================================
*                         Low Level Synthesis                           *
=========================================================================

Optimizing unit <display> ...

Mapping all equations...
Building and optimizing final netlist ...
Found area constraint ratio of 100 (+ 5) on block display, actual ratio is 2.

Final Macro Processing ...

=========================================================================
Final Register Report

Macro Statistics
# Registers                                            : 68
 Flip-Flops                                            : 68

=========================================================================

=========================================================================
*                           Partition Report                            *
=========================================================================

Partition Implementation Status
-------------------------------

  No Partitions were found in this design.

-------------------------------

=========================================================================
*                            Final Report                               *
=========================================================================
Final Results
RTL Top Level Output File Name     : display.ngr
Top Level Output File Name         : display
Output Format                      : NGC
Optimization Goal                  : Speed
Keep Hierarchy                     : No

Design Statistics
# IOs                              : 14

Cell Usage :
# BELS                             : 426
#      GND                         : 1
#      INV                         : 6
#      LUT1                        : 126
#      LUT2                        : 4
#      LUT3                        : 1
#      LUT4                        : 16
#      MUXCY                       : 143
#      VCC                         : 1
#      XORCY                       : 128
# FlipFlops/Latches                : 68
#      FDE                         : 2
#      FDRE                        : 65
#      FDRS                        : 1
# Clock Buffers                    : 1
#      BUFGP                       : 1
# IO Buffers                       : 13
#      IBUF                        : 3
#      OBUF                        : 10
=========================================================================

Device utilization summary:
---------------------------

Selected Device : 3s400pq208-4 

 Number of Slices:                      102  out of   3584     2%  
 Number of Slice Flip Flops:             68  out of   7168     0%  
 Number of 4 input LUTs:                153  out of   7168     2%  
 Number of IOs:                          14
 Number of bonded IOBs:                  14  out of    141     9%  
 Number of GCLKs:                         1  out of      8    12%  

---------------------------
Partition Resource Summary:
---------------------------

  No Partitions were found in this design.

---------------------------


=========================================================================
TIMING REPORT

NOTE: THESE TIMING NUMBERS ARE ONLY A SYNTHESIS ESTIMATE.
      FOR ACCURATE TIMING INFORMATION PLEASE REFER TO THE TRACE REPORT
      GENERATED AFTER PLACE-and-ROUTE.

Clock Information:
------------------
-----------------------------------+------------------------+-------+
Clock Signal                       | Clock buffer(FF name)  | Load  |
-----------------------------------+------------------------+-------+
clki                               | BUFGP                  | 65    |
clko_OBUF                          | NONE(cou/z)            | 3     |
-----------------------------------+------------------------+-------+
INFO:Xst:2169 - HDL ADVISOR - Some clock signals were not automatically buffered by XST with BUFG/BUFR resources. Please use the buffer_type constraint in order to insert these buffers to the clock signals to help prevent skew problems.

Asynchronous Control Signals Information:
----------------------------------------
No asynchronous control signals found in this design

Timing Summary:
---------------
Speed Grade: -4

   Minimum period: 14.693ns (Maximum Frequency: 68.059MHz)
   Minimum input arrival time before clock: 6.644ns
   Maximum output required time after clock: 8.713ns
   Maximum combinational path delay: No path found

Timing Detail:
--------------
All values displayed in nanoseconds (ns)

=========================================================================
Timing constraint: Default period analysis for Clock 'clki'
  Clock period: 14.693ns (frequency: 68.059MHz)
  Total number of paths / destination ports: 137281 / 130
-------------------------------------------------------------------------
Delay:               14.693ns (Levels of Logic = 66)
  Source:            ccnt_1 (FF)
  Destination:       ccnt_0 (FF)
  Source Clock:      clki rising
  Destination Clock: clki rising

  Data Path: ccnt_1 to ccnt_0
                                Gate     Net
    Cell:in->out      fanout   Delay   Delay  Logical Name (Net Name)
    ----------------------------------------  ------------
     FDRE:C->Q             2   0.720   1.216  ccnt_1 (ccnt_1)
     LUT1:I0->O            1   0.551   0.000  Madd_old_ccnt_1_add0000_cy<1>_rt (Madd_old_ccnt_1_add0000_cy<1>_rt)
     MUXCY:S->O            1   0.500   0.000  Madd_old_ccnt_1_add0000_cy<1> (Madd_old_ccnt_1_add0000_cy<1>)
     MUXCY:CI->O           1   0.064   0.000  Madd_old_ccnt_1_add0000_cy<2> (Madd_old_ccnt_1_add0000_cy<2>)
     MUXCY:CI->O           1   0.064   0.000  Madd_old_ccnt_1_add0000_cy<3> (Madd_old_ccnt_1_add0000_cy<3>)
     MUXCY:CI->O           1   0.064   0.000  Madd_old_ccnt_1_add0000_cy<4> (Madd_old_ccnt_1_add0000_cy<4>)
     MUXCY:CI->O           1   0.064   0.000  Madd_old_ccnt_1_add0000_cy<5> (Madd_old_ccnt_1_add0000_cy<5>)
     MUXCY:CI->O           1   0.064   0.000  Madd_old_ccnt_1_add0000_cy<6> (Madd_old_ccnt_1_add0000_cy<6>)
     MUXCY:CI->O           1   0.064   0.000  Madd_old_ccnt_1_add0000_cy<7> (Madd_old_ccnt_1_add0000_cy<7>)
     MUXCY:CI->O           1   0.064   0.000  Madd_old_ccnt_1_add0000_cy<8> (Madd_old_ccnt_1_add0000_cy<8>)
     MUXCY:CI->O           1   0.064   0.000  Madd_old_ccnt_1_add0000_cy<9> (Madd_old_ccnt_1_add0000_cy<9>)
     MUXCY:CI->O           1   0.064   0.000  Madd_old_ccnt_1_add0000_cy<10> (Madd_old_ccnt_1_add0000_cy<10>)
     MUXCY:CI->O           1   0.064   0.000  Madd_old_ccnt_1_add0000_cy<11> (Madd_old_ccnt_1_add0000_cy<11>)
     MUXCY:CI->O           1   0.064   0.000  Madd_old_ccnt_1_add0000_cy<12> (Madd_old_ccnt_1_add0000_cy<12>)
     MUXCY:CI->O           1   0.064   0.000  Madd_old_ccnt_1_add0000_cy<13> (Madd_old_ccnt_1_add0000_cy<13>)
     MUXCY:CI->O           1   0.064   0.000  Madd_old_ccnt_1_add0000_cy<14> (Madd_old_ccnt_1_add0000_cy<14>)
     MUXCY:CI->O           1   0.064   0.000  Madd_old_ccnt_1_add0000_cy<15> (Madd_old_ccnt_1_add0000_cy<15>)
     MUXCY:CI->O           1   0.064   0.000  Madd_old_ccnt_1_add0000_cy<16> (Madd_old_ccnt_1_add0000_cy<16>)
     MUXCY:CI->O           1   0.064   0.000  Madd_old_ccnt_1_add0000_cy<17> (Madd_old_ccnt_1_add0000_cy<17>)
     MUXCY:CI->O           1   0.064   0.000  Madd_old_ccnt_1_add0000_cy<18> (Madd_old_ccnt_1_add0000_cy<18>)
     MUXCY:CI->O           1   0.064   0.000  Madd_old_ccnt_1_add0000_cy<19> (Madd_old_ccnt_1_add0000_cy<19>)
     MUXCY:CI->O           1   0.064   0.000  Madd_old_ccnt_1_add0000_cy<20> (Madd_old_ccnt_1_add0000_cy<20>)
     MUXCY:CI->O           1   0.064   0.000  Madd_old_ccnt_1_add0000_cy<21> (Madd_old_ccnt_1_add0000_cy<21>)
     MUXCY:CI->O           1   0.064   0.000  Madd_old_ccnt_1_add0000_cy<22> (Madd_old_ccnt_1_add0000_cy<22>)
     MUXCY:CI->O           1   0.064   0.000  Madd_old_ccnt_1_add0000_cy<23> (Madd_old_ccnt_1_add0000_cy<23>)
     MUXCY:CI->O           1   0.064   0.000  Madd_old_ccnt_1_add0000_cy<24> (Madd_old_ccnt_1_add0000_cy<24>)
     MUXCY:CI->O           1   0.064   0.000  Madd_old_ccnt_1_add0000_cy<25> (Madd_old_ccnt_1_add0000_cy<25>)
     MUXCY:CI->O           1   0.064   0.000  Madd_old_ccnt_1_add0000_cy<26> (Madd_old_ccnt_1_add0000_cy<26>)
     MUXCY:CI->O           1   0.064   0.000  Madd_old_ccnt_1_add0000_cy<27> (Madd_old_ccnt_1_add0000_cy<27>)
     MUXCY:CI->O           1   0.064   0.000  Madd_old_ccnt_1_add0000_cy<28> (Madd_old_ccnt_1_add0000_cy<28>)
     MUXCY:CI->O           1   0.064   0.000  Madd_old_ccnt_1_add0000_cy<29> (Madd_old_ccnt_1_add0000_cy<29>)
     MUXCY:CI->O           1   0.064   0.000  Madd_old_ccnt_1_add0000_cy<30> (Madd_old_ccnt_1_add0000_cy<30>)
     MUXCY:CI->O           1   0.064   0.000  Madd_old_ccnt_1_add0000_cy<31> (Madd_old_ccnt_1_add0000_cy<31>)
     MUXCY:CI->O           1   0.064   0.000  Madd_old_ccnt_1_add0000_cy<32> (Madd_old_ccnt_1_add0000_cy<32>)
     MUXCY:CI->O           1   0.064   0.000  Madd_old_ccnt_1_add0000_cy<33> (Madd_old_ccnt_1_add0000_cy<33>)
     MUXCY:CI->O           1   0.064   0.000  Madd_old_ccnt_1_add0000_cy<34> (Madd_old_ccnt_1_add0000_cy<34>)
     MUXCY:CI->O           1   0.064   0.000  Madd_old_ccnt_1_add0000_cy<35> (Madd_old_ccnt_1_add0000_cy<35>)
     MUXCY:CI->O           1   0.064   0.000  Madd_old_ccnt_1_add0000_cy<36> (Madd_old_ccnt_1_add0000_cy<36>)
     MUXCY:CI->O           1   0.064   0.000  Madd_old_ccnt_1_add0000_cy<37> (Madd_old_ccnt_1_add0000_cy<37>)
     MUXCY:CI->O           1   0.064   0.000  Madd_old_ccnt_1_add0000_cy<38> (Madd_old_ccnt_1_add0000_cy<38>)
     MUXCY:CI->O           1   0.064   0.000  Madd_old_ccnt_1_add0000_cy<39> (Madd_old_ccnt_1_add0000_cy<39>)
     MUXCY:CI->O           1   0.064   0.000  Madd_old_ccnt_1_add0000_cy<40> (Madd_old_ccnt_1_add0000_cy<40>)
     MUXCY:CI->O           1   0.064   0.000  Madd_old_ccnt_1_add0000_cy<41> (Madd_old_ccnt_1_add0000_cy<41>)
     MUXCY:CI->O           1   0.064   0.000  Madd_old_ccnt_1_add0000_cy<42> (Madd_old_ccnt_1_add0000_cy<42>)
     MUXCY:CI->O           1   0.064   0.000  Madd_old_ccnt_1_add0000_cy<43> (Madd_old_ccnt_1_add0000_cy<43>)
     MUXCY:CI->O           1   0.064   0.000  Madd_old_ccnt_1_add0000_cy<44> (Madd_old_ccnt_1_add0000_cy<44>)
     MUXCY:CI->O           1   0.064   0.000  Madd_old_ccnt_1_add0000_cy<45> (Madd_old_ccnt_1_add0000_cy<45>)
     MUXCY:CI->O           1   0.064   0.000  Madd_old_ccnt_1_add0000_cy<46> (Madd_old_ccnt_1_add0000_cy<46>)
     MUXCY:CI->O           1   0.064   0.000  Madd_old_ccnt_1_add0000_cy<47> (Madd_old_ccnt_1_add0000_cy<47>)
     MUXCY:CI->O           1   0.064   0.000  Madd_old_ccnt_1_add0000_cy<48> (Madd_old_ccnt_1_add0000_cy<48>)
     MUXCY:CI->O           1   0.064   0.000  Madd_old_ccnt_1_add0000_cy<49> (Madd_old_ccnt_1_add0000_cy<49>)
     MUXCY:CI->O           1   0.064   0.000  Madd_old_ccnt_1_add0000_cy<50> (Madd_old_ccnt_1_add0000_cy<50>)
     MUXCY:CI->O           1   0.064   0.000  Madd_old_ccnt_1_add0000_cy<51> (Madd_old_ccnt_1_add0000_cy<51>)
     MUXCY:CI->O           1   0.064   0.000  Madd_old_ccnt_1_add0000_cy<52> (Madd_old_ccnt_1_add0000_cy<52>)
     MUXCY:CI->O           1   0.064   0.000  Madd_old_ccnt_1_add0000_cy<53> (Madd_old_ccnt_1_add0000_cy<53>)
     MUXCY:CI->O           1   0.064   0.000  Madd_old_ccnt_1_add0000_cy<54> (Madd_old_ccnt_1_add0000_cy<54>)
     MUXCY:CI->O           1   0.064   0.000  Madd_old_ccnt_1_add0000_cy<55> (Madd_old_ccnt_1_add0000_cy<55>)
     MUXCY:CI->O           1   0.064   0.000  Madd_old_ccnt_1_add0000_cy<56> (Madd_old_ccnt_1_add0000_cy<56>)
     MUXCY:CI->O           1   0.064   0.000  Madd_old_ccnt_1_add0000_cy<57> (Madd_old_ccnt_1_add0000_cy<57>)
     MUXCY:CI->O           1   0.064   0.000  Madd_old_ccnt_1_add0000_cy<58> (Madd_old_ccnt_1_add0000_cy<58>)
     XORCY:CI->O           1   0.904   1.140  Madd_old_ccnt_1_add0000_xor<59> (old_ccnt_1_add0000<59>)
     LUT4:I0->O            1   0.551   0.000  Mcompar_ccnt_cmp_eq0000_lut<13> (Mcompar_ccnt_cmp_eq0000_lut<13>)
     MUXCY:S->O            1   0.500   0.000  Mcompar_ccnt_cmp_eq0000_cy<13> (Mcompar_ccnt_cmp_eq0000_cy<13>)
     MUXCY:CI->O           1   0.064   0.000  Mcompar_ccnt_cmp_eq0000_cy<14> (Mcompar_ccnt_cmp_eq0000_cy<14>)
     MUXCY:CI->O           1   0.064   0.000  Mcompar_ccnt_cmp_eq0000_cy<15> (Mcompar_ccnt_cmp_eq0000_cy<15>)
     MUXCY:CI->O           3   0.303   1.102  Mcompar_ccnt_cmp_eq0000_cy<16> (Mcompar_ccnt_cmp_eq0000_cy<16>)
     LUT2:I1->O           32   0.551   1.853  ccnt_and00001 (ccnt_and0000)
     FDRE:R                    1.026          ccnt_32
    ----------------------------------------
    Total                     14.693ns (9.382ns logic, 5.311ns route)
                                       (63.9% logic, 36.1% route)

=========================================================================
Timing constraint: Default period analysis for Clock 'clko_OBUF'
  Clock period: 4.450ns (frequency: 224.719MHz)
  Total number of paths / destination ports: 7 / 6
-------------------------------------------------------------------------
Delay:               4.450ns (Levels of Logic = 1)
  Source:            cou/old (FF)
  Destination:       cou/cnt (FF)
  Source Clock:      clko_OBUF rising
  Destination Clock: clko_OBUF rising

  Data Path: cou/old to cou/cnt
                                Gate     Net
    Cell:in->out      fanout   Delay   Delay  Logical Name (Net Name)
    ----------------------------------------  ------------
     FDRE:C->Q             3   0.720   1.246  cou/old (cou/old)
     LUT2:I0->O            3   0.551   0.907  cou/Mxor_chng_Result1 (cou/chng)
     FDRS:S                    1.026          cou/cnt
    ----------------------------------------
    Total                      4.450ns (2.297ns logic, 2.153ns route)
                                       (51.6% logic, 48.4% route)

=========================================================================
Timing constraint: Default OFFSET IN BEFORE for Clock 'clki'
  Total number of paths / destination ports: 129 / 129
-------------------------------------------------------------------------
Offset:              6.644ns (Levels of Logic = 2)
  Source:            clks (PAD)
  Destination:       ccnt_0 (FF)
  Destination Clock: clki rising

  Data Path: clks to ccnt_0
                                Gate     Net
    Cell:in->out      fanout   Delay   Delay  Logical Name (Net Name)
    ----------------------------------------  ------------
     IBUF:I->O            67   0.821   2.393  clks_IBUF (clks_IBUF)
     LUT2:I0->O           32   0.551   1.853  ccnt_and00001 (ccnt_and0000)
     FDRE:R                    1.026          ccnt_32
    ----------------------------------------
    Total                      6.644ns (2.398ns logic, 4.246ns route)
                                       (36.1% logic, 63.9% route)

=========================================================================
Timing constraint: Default OFFSET IN BEFORE for Clock 'clko_OBUF'
  Total number of paths / destination ports: 7 / 6
-------------------------------------------------------------------------
Offset:              4.377ns (Levels of Logic = 2)
  Source:            x (PAD)
  Destination:       cou/cnt (FF)
  Destination Clock: clko_OBUF rising

  Data Path: x to cou/cnt
                                Gate     Net
    Cell:in->out      fanout   Delay   Delay  Logical Name (Net Name)
    ----------------------------------------  ------------
     IBUF:I->O             2   0.821   1.072  x_IBUF (x_IBUF)
     LUT2:I1->O            3   0.551   0.907  cou/Mxor_chng_Result1 (cou/chng)
     FDRS:S                    1.026          cou/cnt
    ----------------------------------------
    Total                      4.377ns (2.398ns logic, 1.979ns route)
                                       (54.8% logic, 45.2% route)

=========================================================================
Timing constraint: Default OFFSET OUT AFTER for Clock 'clko_OBUF'
  Total number of paths / destination ports: 5 / 5
-------------------------------------------------------------------------
Offset:              8.713ns (Levels of Logic = 2)
  Source:            cou/cnt (FF)
  Destination:       disp<5> (PAD)
  Source Clock:      clko_OBUF rising

  Data Path: cou/cnt to disp<5>
                                Gate     Net
    Cell:in->out      fanout   Delay   Delay  Logical Name (Net Name)
    ----------------------------------------  ------------
     FDRS:C->Q             2   0.720   0.877  cou/cnt (cou/cnt)
     INV:I->O              5   0.551   0.921  cou/cnt11_INV_0 (cou/cnt1)
     OBUF:I->O                 5.644          disp_5_OBUF (disp<5>)
    ----------------------------------------
    Total                      8.713ns (6.915ns logic, 1.798ns route)
                                       (79.4% logic, 20.6% route)

=========================================================================
Timing constraint: Default OFFSET OUT AFTER for Clock 'clki'
  Total number of paths / destination ports: 1 / 1
-------------------------------------------------------------------------
Offset:              7.285ns (Levels of Logic = 1)
  Source:            clko (FF)
  Destination:       clko (PAD)
  Source Clock:      clki rising

  Data Path: clko to clko
                                Gate     Net
    Cell:in->out      fanout   Delay   Delay  Logical Name (Net Name)
    ----------------------------------------  ------------
     FDE:C->Q              5   0.720   0.921  clko (clko_OBUF)
     OBUF:I->O                 5.644          clko_OBUF (clko)
    ----------------------------------------
    Total                      7.285ns (6.364ns logic, 0.921ns route)
                                       (87.4% logic, 12.6% route)

=========================================================================


Total REAL time to Xst completion: 4.00 secs
Total CPU time to Xst completion: 3.70 secs
 
--> 

Total memory usage is 257464 kilobytes

Number of errors   :    0 (   0 filtered)
Number of warnings :    0 (   0 filtered)
Number of infos    :    1 (   0 filtered)

