Command line:
   regbanktst_isim_beh.exe
     -simmode  gui
     -simrunnum  0
     -socket  50412

Thu Oct 26 15:16:20 2017


 Elaboration Time: 0.1092 sec

 Current Memory Usage: 1321.2 Meg

 Total Signals          : 755
 Total Nets             : 332
 Total Signal Drivers   : 419
 Total Blocks           : 150
 Total Primitive Blocks : 139
 Total Processes        : 550
 Total Traceable Variables  : 152
 Total Scalar Nets and Variables : 563
Total Line Count : 955

 Total Simulation Time: 0.156001 sec

 Current Memory Usage: 1321.2 Meg

Thu Oct 26 15:16:33 2017

