Command line:
   top_isim_beh.exe
     -simmode  gui
     -simrunnum  0
     -socket  50741

Thu Nov 02 16:04:33 2017


 Elaboration Time: 0.062401 sec

 Current Memory Usage: 1161.87 Meg

 Total Signals          : 962
 Total Nets             : 851
 Total Signal Drivers   : 730
 Total Blocks           : 178
 Total Primitive Blocks : 159
 Total Processes        : 867
 Total Traceable Variables  : 169
 Total Scalar Nets and Variables : 66811
Total Line Count : 1386

 Total Simulation Time: 0.124801 sec

 Current Memory Usage: 689.975 Meg

Thu Nov 02 16:06:59 2017

