Release 14.7 - xst P.20131013 (nt64)
Copyright (c) 1995-2013 Xilinx, Inc.  All rights reserved.
--> Parameter TMPDIR set to xst/projnav.tmp


Total REAL time to Xst completion: 0.00 secs
Total CPU time to Xst completion: 0.06 secs
 
--> Parameter xsthdpdir set to xst


Total REAL time to Xst completion: 0.00 secs
Total CPU time to Xst completion: 0.06 secs
 
--> Reading design: alu.prj

TABLE OF CONTENTS
  1) Synthesis Options Summary
  2) HDL Compilation
  3) Design Hierarchy Analysis
  4) HDL Analysis
  5) HDL Synthesis
     5.1) HDL Synthesis Report
  6) Advanced HDL Synthesis
     6.1) Advanced HDL Synthesis Report
  7) Low Level Synthesis
  8) Partition Report
  9) Final Report
	9.1) Device utilization summary
	9.2) Partition Resource Summary
	9.3) TIMING REPORT


=========================================================================
*                      Synthesis Options Summary                        *
=========================================================================
---- Source Parameters
Input File Name                    : "alu.prj"
Input Format                       : mixed
Ignore Synthesis Constraint File   : NO

---- Target Parameters
Output File Name                   : "alu"
Output Format                      : NGC
Target Device                      : xc3s400-4-pq208

---- Source Options
Top Module Name                    : alu
Automatic FSM Extraction           : YES
FSM Encoding Algorithm             : Auto
Safe Implementation                : No
FSM Style                          : LUT
RAM Extraction                     : Yes
RAM Style                          : Auto
ROM Extraction                     : Yes
Mux Style                          : Auto
Decoder Extraction                 : YES
Priority Encoder Extraction        : Yes
Shift Register Extraction          : YES
Logical Shifter Extraction         : YES
XOR Collapsing                     : YES
ROM Style                          : Auto
Mux Extraction                     : Yes
Resource Sharing                   : YES
Asynchronous To Synchronous        : NO
Multiplier Style                   : Auto
Automatic Register Balancing       : No

---- Target Options
Add IO Buffers                     : YES
Global Maximum Fanout              : 100000
Add Generic Clock Buffer(BUFG)     : 8
Register Duplication               : YES
Slice Packing                      : YES
Optimize Instantiated Primitives   : NO
Use Clock Enable                   : Yes
Use Synchronous Set                : Yes
Use Synchronous Reset              : Yes
Pack IO Registers into IOBs        : Auto
Equivalent register Removal        : YES

---- General Options
Optimization Goal                  : Speed
Optimization Effort                : 1
Keep Hierarchy                     : No
Netlist Hierarchy                  : As_Optimized
RTL Output                         : Yes
Global Optimization                : AllClockNets
Read Cores                         : YES
Write Timing Constraints           : NO
Cross Clock Analysis               : NO
Hierarchy Separator                : /
Bus Delimiter                      : <>
Case Specifier                     : Maintain
Slice Utilization Ratio            : 100
BRAM Utilization Ratio             : 100
Verilog 2001                       : YES
Auto BRAM Packing                  : NO
Slice Utilization Ratio Delta      : 5

=========================================================================


=========================================================================
*                          HDL Compilation                              *
=========================================================================
Compiling verilog file "alu.v" in library work
Module <alu> compiled
Module <inc> compiled
Module <sub> compiled
Module <comp> compiled
Module <twomux> compiled
Module <fourmux> compiled
No errors in compilation
Analysis of file <"alu.prj"> succeeded.
 

=========================================================================
*                     Design Hierarchy Analysis                         *
=========================================================================
Analyzing hierarchy for module <alu> in library <work>.

Analyzing hierarchy for module <inc> in library <work>.

Analyzing hierarchy for module <sub> in library <work>.

Analyzing hierarchy for module <comp> in library <work>.


=========================================================================
*                            HDL Analysis                               *
=========================================================================
Analyzing top module <alu>.
Module <alu> is correct for synthesis.
 
Analyzing module <inc> in library <work>.
Module <inc> is correct for synthesis.
 
Analyzing module <sub> in library <work>.
Module <sub> is correct for synthesis.
 
Analyzing module <comp> in library <work>.
Module <comp> is correct for synthesis.
 

=========================================================================
*                           HDL Synthesis                               *
=========================================================================

Performing bidirectional port resolution...

Synthesizing Unit <inc>.
    Related source file is "alu.v".
    Found 16-bit adder for signal <z>.
    Summary:
	inferred   1 Adder/Subtractor(s).
Unit <inc> synthesized.


Synthesizing Unit <sub>.
    Related source file is "alu.v".
    Found 16-bit subtractor for signal <z>.
    Summary:
	inferred   1 Adder/Subtractor(s).
Unit <sub> synthesized.


Synthesizing Unit <comp>.
    Related source file is "alu.v".
    Found 16-bit comparator equal for signal <e$cmp_eq0000> created at line 60.
    Found 16-bit comparator greater for signal <g$cmp_gt0000> created at line 58.
    Found 16-bit comparator less for signal <l$cmp_lt0000> created at line 59.
    Summary:
	inferred   3 Comparator(s).
Unit <comp> synthesized.


Synthesizing Unit <alu>.
    Related source file is "alu.v".
    Found 16-bit 4-to-1 multiplexer for signal <z>.
    Summary:
	inferred  16 Multiplexer(s).
Unit <alu> synthesized.


=========================================================================
HDL Synthesis Report

Macro Statistics
# Adders/Subtractors                                   : 2
 16-bit adder                                          : 1
 16-bit subtractor                                     : 1
# Comparators                                          : 3
 16-bit comparator equal                               : 1
 16-bit comparator greater                             : 1
 16-bit comparator less                                : 1
# Multiplexers                                         : 1
 16-bit 4-to-1 multiplexer                             : 1

=========================================================================

=========================================================================
*                       Advanced HDL Synthesis                          *
=========================================================================


=========================================================================
Advanced HDL Synthesis Report

Macro Statistics
# Adders/Subtractors                                   : 2
 16-bit adder                                          : 1
 16-bit subtractor                                     : 1
# Comparators                                          : 3
 16-bit comparator equal                               : 1
 16-bit comparator greater                             : 1
 16-bit comparator less                                : 1
# Multiplexers                                         : 1
 16-bit 4-to-1 multiplexer                             : 1

=========================================================================

=========================================================================
*                         Low Level Synthesis                           *
=========================================================================

Optimizing unit <alu> ...

Mapping all equations...
Building and optimizing final netlist ...
Found area constraint ratio of 100 (+ 5) on block alu, actual ratio is 1.

Final Macro Processing ...

=========================================================================
Final Register Report

Found no macro
=========================================================================

=========================================================================
*                           Partition Report                            *
=========================================================================

Partition Implementation Status
-------------------------------

  No Partitions were found in this design.

-------------------------------

=========================================================================
*                            Final Report                               *
=========================================================================
Final Results
RTL Top Level Output File Name     : alu.ngr
Top Level Output File Name         : alu
Output Format                      : NGC
Optimization Goal                  : Speed
Keep Hierarchy                     : No

Design Statistics
# IOs                              : 55

Cell Usage :
# BELS                             : 257
#      GND                         : 1
#      INV                         : 3
#      LUT1                        : 15
#      LUT2                        : 47
#      LUT3                        : 47
#      LUT4                        : 10
#      MULT_AND                    : 15
#      MUXCY                       : 70
#      MUXF5                       : 16
#      VCC                         : 1
#      XORCY                       : 32
# IO Buffers                       : 55
#      IBUF                        : 36
#      OBUF                        : 19
=========================================================================

Device utilization summary:
---------------------------

Selected Device : 3s400pq208-4 

 Number of Slices:                       61  out of   3584     1%  
 Number of 4 input LUTs:                122  out of   7168     1%  
 Number of IOs:                          55
 Number of bonded IOBs:                  55  out of    141    39%  

---------------------------
Partition Resource Summary:
---------------------------

  No Partitions were found in this design.

---------------------------


=========================================================================
TIMING REPORT

NOTE: THESE TIMING NUMBERS ARE ONLY A SYNTHESIS ESTIMATE.
      FOR ACCURATE TIMING INFORMATION PLEASE REFER TO THE TRACE REPORT
      GENERATED AFTER PLACE-and-ROUTE.

Clock Information:
------------------
No clock signals found in this design

Asynchronous Control Signals Information:
----------------------------------------
No asynchronous control signals found in this design

Timing Summary:
---------------
Speed Grade: -4

   Minimum period: No path found
   Minimum input arrival time before clock: No path found
   Maximum output required time after clock: No path found
   Maximum combinational path delay: 14.278ns

Timing Detail:
--------------
All values displayed in nanoseconds (ns)

=========================================================================
Timing constraint: Default path analysis
  Total number of paths / destination ports: 788 / 19
-------------------------------------------------------------------------
Delay:               14.278ns (Levels of Logic = 19)
  Source:            sc<0> (PAD)
  Destination:       s<2> (PAD)

  Data Path: sc<0> to s<2>
                                Gate     Net
    Cell:in->out      fanout   Delay   Delay  Logical Name (Net Name)
    ----------------------------------------  ------------
     IBUF:I->O            48   0.821   2.284  sc_0_IBUF (sc_0_IBUF)
     LUT3:I0->O            1   0.551   0.801  cmpb<1>1 (cmpb<1>)
     MUXCY:DI->O           1   0.889   0.000  comp0/Mcompar_g_cmp_gt0000_cy<1> (comp0/Mcompar_g_cmp_gt0000_cy<1>)
     MUXCY:CI->O           1   0.064   0.000  comp0/Mcompar_g_cmp_gt0000_cy<2> (comp0/Mcompar_g_cmp_gt0000_cy<2>)
     MUXCY:CI->O           1   0.064   0.000  comp0/Mcompar_g_cmp_gt0000_cy<3> (comp0/Mcompar_g_cmp_gt0000_cy<3>)
     MUXCY:CI->O           1   0.064   0.000  comp0/Mcompar_g_cmp_gt0000_cy<4> (comp0/Mcompar_g_cmp_gt0000_cy<4>)
     MUXCY:CI->O           1   0.064   0.000  comp0/Mcompar_g_cmp_gt0000_cy<5> (comp0/Mcompar_g_cmp_gt0000_cy<5>)
     MUXCY:CI->O           1   0.064   0.000  comp0/Mcompar_g_cmp_gt0000_cy<6> (comp0/Mcompar_g_cmp_gt0000_cy<6>)
     MUXCY:CI->O           1   0.064   0.000  comp0/Mcompar_g_cmp_gt0000_cy<7> (comp0/Mcompar_g_cmp_gt0000_cy<7>)
     MUXCY:CI->O           1   0.064   0.000  comp0/Mcompar_g_cmp_gt0000_cy<8> (comp0/Mcompar_g_cmp_gt0000_cy<8>)
     MUXCY:CI->O           1   0.064   0.000  comp0/Mcompar_g_cmp_gt0000_cy<9> (comp0/Mcompar_g_cmp_gt0000_cy<9>)
     MUXCY:CI->O           1   0.064   0.000  comp0/Mcompar_g_cmp_gt0000_cy<10> (comp0/Mcompar_g_cmp_gt0000_cy<10>)
     MUXCY:CI->O           1   0.064   0.000  comp0/Mcompar_g_cmp_gt0000_cy<11> (comp0/Mcompar_g_cmp_gt0000_cy<11>)
     MUXCY:CI->O           1   0.064   0.000  comp0/Mcompar_g_cmp_gt0000_cy<12> (comp0/Mcompar_g_cmp_gt0000_cy<12>)
     MUXCY:CI->O           1   0.064   0.000  comp0/Mcompar_g_cmp_gt0000_cy<13> (comp0/Mcompar_g_cmp_gt0000_cy<13>)
     MUXCY:CI->O           1   0.064   0.000  comp0/Mcompar_g_cmp_gt0000_cy<14> (comp0/Mcompar_g_cmp_gt0000_cy<14>)
     MUXCY:CI->O           1   0.303   0.801  comp0/Mcompar_g_cmp_gt0000_cy<15> (comp0/Mcompar_g_cmp_gt0000_cy<15>)
     INV:I->O              1   0.551   0.801  comp0/Mcompar_g_cmp_gt0000_cy<15>_inv_INV_0 (s_2_OBUF)
     OBUF:I->O                 5.644          s_2_OBUF (s<2>)
    ----------------------------------------
    Total                     14.278ns (9.591ns logic, 4.687ns route)
                                       (67.2% logic, 32.8% route)

=========================================================================


Total REAL time to Xst completion: 3.00 secs
Total CPU time to Xst completion: 3.40 secs
 
--> 

Total memory usage is 254776 kilobytes

Number of errors   :    0 (   0 filtered)
Number of warnings :    0 (   0 filtered)
Number of infos    :    0 (   0 filtered)

