Running: C:\Xilinx\14.7\ISE_DS\ISE\bin\nt64\unwrapped\fuse.exe -intstyle ise -incremental -lib unisims_ver -lib unimacro_ver -lib xilinxcorelib_ver -o C:/Users/student/Desktop/1/assgn1a/count01test_isim_beh.exe -prj C:/Users/student/Desktop/1/assgn1a/count01test_beh.prj work.count01test work.glbl 
ISim P.20131013 (signature 0x7708f090)
Number of CPUs detected in this system: 4
Turning on mult-threading, number of parallel sub-compilation jobs: 8 
Determining compilation order of HDL files
Analyzing Verilog file "C:/Users/student/Desktop/1/assgn1a/count01.v" into library work
Analyzing Verilog file "C:/Users/student/Desktop/1/assgn1a/count01test.v" into library work
Analyzing Verilog file "C:/Xilinx/14.7/ISE_DS/ISE//verilog/src/glbl.v" into library work
Starting static elaboration
Completed static elaboration
Compiling module stateTransFn_beh
Compiling module outputFn_beh
Compiling module delayElem_beh
Compiling module count01
Compiling module count01test
Compiling module glbl
Time Resolution for simulation is 1ps.
Waiting for 1 sub-compilation(s) to finish...
Compiled 6 Verilog Units
Built simulation executable C:/Users/student/Desktop/1/assgn1a/count01test_isim_beh.exe
Fuse Memory Usage: 27260 KB
Fuse CPU Usage: 358 ms
