Command line:
   specregtst_isim_beh.exe
     -simmode  gui
     -simrunnum  0
     -socket  50603

Thu Oct 26 15:40:55 2017


 Elaboration Time: 0.124801 sec

 Current Memory Usage: 1314.9 Meg

 Total Signals          : 23
 Total Nets             : 65
 Total Signal Drivers   : 27
 Total Blocks           : 4
 Total Primitive Blocks : 2
 Total Processes        : 31
 Total Traceable Variables  : 24
 Total Scalar Nets and Variables : 181
Total Line Count : 35

 Total Simulation Time: 0.124801 sec

 Current Memory Usage: 1314.9 Meg

Thu Oct 26 15:41:00 2017

