ISim log file
Running: C:\Users\Naganithin Manne\Documents\coalab\assgn5a\top_isim_beh.exe -intstyle ise -gui -tclbatch isim.cmd -wdb C:/Users/Naganithin Manne/Documents/coalab/assgn5a/top_isim_beh.wdb 
ISim P.49d (signature 0x7708f090)
This is a Full version of ISim.
WARNING:  For instance datapath0/regbank0/, width 1 of formal port tr is not equal to width 32 of actual constant.
WARNING:  For instance datapath0/sp/, width 1 of formal port l is not equal to width 32 of actual constant.
WARNING:  For instance datapath0/sp/, width 1 of formal port t is not equal to width 32 of actual constant.
WARNING:  For instance datapath0/pc/, width 1 of formal port l is not equal to width 32 of actual constant.
WARNING:  For instance datapath0/pc/, width 1 of formal port t is not equal to width 32 of actual constant.
WARNING:  For instance datapath0/pc/, width 16 of formal port resval is not equal to width 32 of actual constant.
WARNING:  For instance datapath0/isrbuf/, width 1 of formal port tisr is not equal to width 32 of actual constant.
Time resolution is 1 ps
# onerror resume
# wave add /
# run 1000 ns
Simulator is doing circuit initialization process.
Finished circuit initialization process.
ISim P.49d (signature 0x7708f090)
This is a Full version of ISim.
WARNING:  For instance datapath0/regbank0/, width 1 of formal port tr is not equal to width 32 of actual constant.
WARNING:  For instance datapath0/sp/, width 1 of formal port l is not equal to width 32 of actual constant.
WARNING:  For instance datapath0/sp/, width 1 of formal port t is not equal to width 32 of actual constant.
WARNING:  For instance datapath0/pc/, width 1 of formal port l is not equal to width 32 of actual constant.
WARNING:  For instance datapath0/pc/, width 1 of formal port t is not equal to width 32 of actual constant.
WARNING:  For instance datapath0/pc/, width 16 of formal port resval is not equal to width 32 of actual constant.
WARNING:  For instance datapath0/isrbuf/, width 1 of formal port tisr is not equal to width 32 of actual constant.
# run 1000 ns
Simulator is doing circuit initialization process.
Finished circuit initialization process.
# run 25.00us
ISim P.49d (signature 0x7708f090)
This is a Full version of ISim.
WARNING:  For instance datapath0/regbank0/, width 1 of formal port tr is not equal to width 32 of actual constant.
WARNING:  For instance datapath0/sp/, width 1 of formal port l is not equal to width 32 of actual constant.
WARNING:  For instance datapath0/sp/, width 1 of formal port t is not equal to width 32 of actual constant.
WARNING:  For instance datapath0/pc/, width 1 of formal port l is not equal to width 32 of actual constant.
WARNING:  For instance datapath0/pc/, width 1 of formal port t is not equal to width 32 of actual constant.
WARNING:  For instance datapath0/pc/, width 16 of formal port resval is not equal to width 32 of actual constant.
WARNING:  For instance datapath0/isrbuf/, width 1 of formal port tisr is not equal to width 32 of actual constant.
# run 1000 ns
Simulator is doing circuit initialization process.
Finished circuit initialization process.
ISim P.49d (signature 0x7708f090)
This is a Full version of ISim.
WARNING:  For instance datapath0/regbank0/, width 1 of formal port tr is not equal to width 32 of actual constant.
WARNING:  For instance datapath0/sp/, width 1 of formal port l is not equal to width 32 of actual constant.
WARNING:  For instance datapath0/sp/, width 1 of formal port t is not equal to width 32 of actual constant.
WARNING:  For instance datapath0/pc/, width 1 of formal port l is not equal to width 32 of actual constant.
WARNING:  For instance datapath0/pc/, width 1 of formal port t is not equal to width 32 of actual constant.
WARNING:  For instance datapath0/pc/, width 16 of formal port resval is not equal to width 32 of actual constant.
WARNING:  For instance datapath0/isrbuf/, width 1 of formal port tisr is not equal to width 32 of actual constant.
# run 1000 ns
Simulator is doing circuit initialization process.
Finished circuit initialization process.
ISim P.49d (signature 0x7708f090)
This is a Full version of ISim.
WARNING:  For instance datapath0/regbank0/, width 1 of formal port tr is not equal to width 32 of actual constant.
WARNING:  For instance datapath0/sp/, width 1 of formal port l is not equal to width 32 of actual constant.
WARNING:  For instance datapath0/sp/, width 1 of formal port t is not equal to width 32 of actual constant.
WARNING:  For instance datapath0/pc/, width 1 of formal port l is not equal to width 32 of actual constant.
WARNING:  For instance datapath0/pc/, width 1 of formal port t is not equal to width 32 of actual constant.
WARNING:  For instance datapath0/pc/, width 16 of formal port resval is not equal to width 32 of actual constant.
WARNING:  For instance datapath0/isrbuf/, width 1 of formal port tisr is not equal to width 32 of actual constant.
# run 1000 ns
Simulator is doing circuit initialization process.
Finished circuit initialization process.
# run 2.00us
